mode: atomic
github.com/conallob/o11y-analysis-tools/internal/promql/labels.go:19.84,26.35 4 1
github.com/conallob/o11y-analysis-tools/internal/promql/labels.go:26.35,28.23 2 11
github.com/conallob/o11y-analysis-tools/internal/promql/labels.go:28.23,29.12 1 8
github.com/conallob/o11y-analysis-tools/internal/promql/labels.go:32.3,46.29 5 3
github.com/conallob/o11y-analysis-tools/internal/promql/labels.go:46.29,48.4 1 2
github.com/conallob/o11y-analysis-tools/internal/promql/labels.go:50.3,50.45 1 3
github.com/conallob/o11y-analysis-tools/internal/promql/labels.go:53.2,53.19 1 1
github.com/conallob/o11y-analysis-tools/internal/promql/labels.go:57.77,63.42 3 8
github.com/conallob/o11y-analysis-tools/internal/promql/labels.go:63.42,65.41 2 15
github.com/conallob/o11y-analysis-tools/internal/promql/labels.go:65.41,66.27 1 15
github.com/conallob/o11y-analysis-tools/internal/promql/labels.go:66.27,68.10 2 9
github.com/conallob/o11y-analysis-tools/internal/promql/labels.go:72.3,72.13 1 15
github.com/conallob/o11y-analysis-tools/internal/promql/labels.go:72.13,74.4 1 6
github.com/conallob/o11y-analysis-tools/internal/promql/labels.go:77.2,77.16 1 8
github.com/conallob/o11y-analysis-tools/internal/promql/labels.go:81.56,88.32 4 14
github.com/conallob/o11y-analysis-tools/internal/promql/labels.go:88.32,89.21 1 14
github.com/conallob/o11y-analysis-tools/internal/promql/labels.go:89.21,92.35 2 14
github.com/conallob/o11y-analysis-tools/internal/promql/labels.go:92.35,94.5 1 14
github.com/conallob/o11y-analysis-tools/internal/promql/labels.go:99.2,101.32 3 14
github.com/conallob/o11y-analysis-tools/internal/promql/labels.go:101.32,102.21 1 4
github.com/conallob/o11y-analysis-tools/internal/promql/labels.go:102.21,104.36 2 4
github.com/conallob/o11y-analysis-tools/internal/promql/labels.go:104.36,106.47 2 5
github.com/conallob/o11y-analysis-tools/internal/promql/labels.go:106.47,108.6 1 5
github.com/conallob/o11y-analysis-tools/internal/promql/labels.go:113.2,114.28 2 14
github.com/conallob/o11y-analysis-tools/internal/promql/labels.go:114.28,116.3 1 19
github.com/conallob/o11y-analysis-tools/internal/promql/labels.go:118.2,118.15 1 14
github.com/conallob/o11y-analysis-tools/internal/promql/labels.go:122.37,138.2 2 27
github.com/conallob/o11y-analysis-tools/internal/promql/labels.go:141.69,146.17 3 2
github.com/conallob/o11y-analysis-tools/internal/promql/labels.go:146.17,148.3 1 0
github.com/conallob/o11y-analysis-tools/internal/promql/labels.go:151.2,151.33 1 2
github.com/conallob/o11y-analysis-tools/internal/promql/labels.go:151.33,154.39 2 1
github.com/conallob/o11y-analysis-tools/internal/promql/labels.go:154.39,156.4 1 1
github.com/conallob/o11y-analysis-tools/internal/promql/labels.go:157.3,158.62 2 1
github.com/conallob/o11y-analysis-tools/internal/promql/labels.go:162.2,163.38 2 1
github.com/conallob/o11y-analysis-tools/internal/promql/labels.go:163.38,165.3 1 2
github.com/conallob/o11y-analysis-tools/internal/promql/labels.go:167.2,167.79 1 1
github.com/conallob/o11y-analysis-tools/pkg/formatting/promql.go:29.81,43.32 7 8
github.com/conallob/o11y-analysis-tools/pkg/formatting/promql.go:43.32,44.21 1 13
github.com/conallob/o11y-analysis-tools/pkg/formatting/promql.go:44.21,45.12 1 0
github.com/conallob/o11y-analysis-tools/pkg/formatting/promql.go:47.3,48.79 2 13
github.com/conallob/o11y-analysis-tools/pkg/formatting/promql.go:48.79,50.4 1 0
github.com/conallob/o11y-analysis-tools/pkg/formatting/promql.go:50.9,50.86 1 13
github.com/conallob/o11y-analysis-tools/pkg/formatting/promql.go:50.86,52.4 1 0
github.com/conallob/o11y-analysis-tools/pkg/formatting/promql.go:54.3,55.39 2 13
github.com/conallob/o11y-analysis-tools/pkg/formatting/promql.go:55.39,57.4 1 9
github.com/conallob/o11y-analysis-tools/pkg/formatting/promql.go:61.2,64.9 3 8
github.com/conallob/o11y-analysis-tools/pkg/formatting/promql.go:65.34,66.42 1 4
github.com/conallob/o11y-analysis-tools/pkg/formatting/promql.go:67.34,68.41 1 1
github.com/conallob/o11y-analysis-tools/pkg/formatting/promql.go:69.24,71.42 1 0
github.com/conallob/o11y-analysis-tools/pkg/formatting/promql.go:75.2,75.32 1 8
github.com/conallob/o11y-analysis-tools/pkg/formatting/promql.go:75.32,76.21 1 13
github.com/conallob/o11y-analysis-tools/pkg/formatting/promql.go:76.21,77.12 1 0
github.com/conallob/o11y-analysis-tools/pkg/formatting/promql.go:80.3,85.79 4 13
github.com/conallob/o11y-analysis-tools/pkg/formatting/promql.go:85.79,87.4 1 0
github.com/conallob/o11y-analysis-tools/pkg/formatting/promql.go:87.9,87.86 1 13
github.com/conallob/o11y-analysis-tools/pkg/formatting/promql.go:87.86,89.4 1 0
github.com/conallob/o11y-analysis-tools/pkg/formatting/promql.go:92.3,92.60 1 13
github.com/conallob/o11y-analysis-tools/pkg/formatting/promql.go:92.60,102.4 5 1
github.com/conallob/o11y-analysis-tools/pkg/formatting/promql.go:105.3,109.47 3 13
github.com/conallob/o11y-analysis-tools/pkg/formatting/promql.go:109.47,111.66 2 9
github.com/conallob/o11y-analysis-tools/pkg/formatting/promql.go:111.66,118.5 2 1
github.com/conallob/o11y-analysis-tools/pkg/formatting/promql.go:122.2,122.26 1 8
github.com/conallob/o11y-analysis-tools/pkg/formatting/promql.go:126.59,134.36 2 30
github.com/conallob/o11y-analysis-tools/pkg/formatting/promql.go:134.36,137.36 3 285
github.com/conallob/o11y-analysis-tools/pkg/formatting/promql.go:137.36,139.4 1 9
github.com/conallob/o11y-analysis-tools/pkg/formatting/promql.go:145.2,147.36 3 21
github.com/conallob/o11y-analysis-tools/pkg/formatting/promql.go:147.36,149.3 1 15
github.com/conallob/o11y-analysis-tools/pkg/formatting/promql.go:151.2,151.32 1 6
github.com/conallob/o11y-analysis-tools/pkg/formatting/promql.go:155.66,161.42 1 20
github.com/conallob/o11y-analysis-tools/pkg/formatting/promql.go:161.42,163.3 1 3
github.com/conallob/o11y-analysis-tools/pkg/formatting/promql.go:166.2,168.31 3 17
github.com/conallob/o11y-analysis-tools/pkg/formatting/promql.go:168.31,170.3 1 119
github.com/conallob/o11y-analysis-tools/pkg/formatting/promql.go:172.2,172.27 1 17
github.com/conallob/o11y-analysis-tools/pkg/formatting/promql.go:176.48,189.29 5 1
github.com/conallob/o11y-analysis-tools/pkg/formatting/promql.go:189.29,191.20 2 1
github.com/conallob/o11y-analysis-tools/pkg/formatting/promql.go:191.20,192.12 1 0
github.com/conallob/o11y-analysis-tools/pkg/formatting/promql.go:196.3,199.13 3 1
github.com/conallob/o11y-analysis-tools/pkg/formatting/promql.go:199.13,201.4 1 1
github.com/conallob/o11y-analysis-tools/pkg/formatting/promql.go:201.9,203.27 1 0
github.com/conallob/o11y-analysis-tools/pkg/formatting/promql.go:203.27,206.5 2 0
github.com/conallob/o11y-analysis-tools/pkg/formatting/promql.go:206.10,207.12 1 0
github.com/conallob/o11y-analysis-tools/pkg/formatting/promql.go:208.56,209.34 1 0
github.com/conallob/o11y-analysis-tools/pkg/formatting/promql.go:210.34,212.27 2 0
github.com/conallob/o11y-analysis-tools/pkg/formatting/promql.go:213.13,214.27 1 0
github.com/conallob/o11y-analysis-tools/pkg/formatting/promql.go:219.3,219.34 1 1
github.com/conallob/o11y-analysis-tools/pkg/formatting/promql.go:222.2,222.23 1 1
github.com/conallob/o11y-analysis-tools/pkg/formatting/promql.go:222.23,224.3 1 1
github.com/conallob/o11y-analysis-tools/pkg/formatting/promql.go:227.2,227.21 1 1
github.com/conallob/o11y-analysis-tools/pkg/formatting/promql.go:227.21,229.3 1 1
github.com/conallob/o11y-analysis-tools/pkg/formatting/promql.go:231.2,231.34 1 0
github.com/conallob/o11y-analysis-tools/pkg/formatting/promql.go:235.45,241.31 3 1
github.com/conallob/o11y-analysis-tools/pkg/formatting/promql.go:241.31,243.31 2 7
github.com/conallob/o11y-analysis-tools/pkg/formatting/promql.go:243.31,244.51 1 7
github.com/conallob/o11y-analysis-tools/pkg/formatting/promql.go:244.51,247.5 2 0
github.com/conallob/o11y-analysis-tools/pkg/formatting/promql.go:247.10,249.5 1 7
github.com/conallob/o11y-analysis-tools/pkg/formatting/promql.go:251.3,251.21 1 7
github.com/conallob/o11y-analysis-tools/pkg/formatting/promql.go:254.2,254.15 1 1
github.com/conallob/o11y-analysis-tools/pkg/formatting/promql.go:258.51,264.29 4 0
github.com/conallob/o11y-analysis-tools/pkg/formatting/promql.go:264.29,265.12 1 0
github.com/conallob/o11y-analysis-tools/pkg/formatting/promql.go:265.12,268.4 1 0
github.com/conallob/o11y-analysis-tools/pkg/formatting/promql.go:270.3,270.20 1 0
github.com/conallob/o11y-analysis-tools/pkg/formatting/promql.go:270.20,273.16 2 0
github.com/conallob/o11y-analysis-tools/pkg/formatting/promql.go:273.16,277.5 3 0
github.com/conallob/o11y-analysis-tools/pkg/formatting/promql.go:281.2,281.15 1 0
github.com/conallob/o11y-analysis-tools/pkg/formatting/promql.go:285.32,289.31 3 7
github.com/conallob/o11y-analysis-tools/pkg/formatting/promql.go:289.31,290.67 1 29
github.com/conallob/o11y-analysis-tools/pkg/formatting/promql.go:290.67,292.4 1 5
github.com/conallob/o11y-analysis-tools/pkg/formatting/promql.go:295.2,295.14 1 2
github.com/conallob/o11y-analysis-tools/pkg/formatting/promql.go:299.41,300.26 1 5
github.com/conallob/o11y-analysis-tools/pkg/formatting/promql.go:300.26,301.30 1 12
github.com/conallob/o11y-analysis-tools/pkg/formatting/promql.go:301.30,303.4 1 5
github.com/conallob/o11y-analysis-tools/pkg/formatting/promql.go:305.2,305.11 1 0
github.com/conallob/o11y-analysis-tools/pkg/formatting/promql.go:309.63,310.35 1 3
github.com/conallob/o11y-analysis-tools/pkg/formatting/promql.go:310.35,312.3 1 2
github.com/conallob/o11y-analysis-tools/pkg/formatting/promql.go:314.2,317.29 3 1
github.com/conallob/o11y-analysis-tools/pkg/formatting/promql.go:317.29,318.36 1 2
github.com/conallob/o11y-analysis-tools/pkg/formatting/promql.go:318.36,320.4 1 2
github.com/conallob/o11y-analysis-tools/pkg/formatting/promql.go:323.2,323.40 1 1
github.com/conallob/o11y-analysis-tools/pkg/formatting/promql.go:327.57,333.41 3 13
github.com/conallob/o11y-analysis-tools/pkg/formatting/promql.go:333.41,339.3 2 21
github.com/conallob/o11y-analysis-tools/pkg/formatting/promql.go:342.2,344.15 2 13
github.com/conallob/o11y-analysis-tools/pkg/formatting/promql.go:348.47,354.32 4 18
github.com/conallob/o11y-analysis-tools/pkg/formatting/promql.go:354.32,355.21 1 42
github.com/conallob/o11y-analysis-tools/pkg/formatting/promql.go:355.21,358.30 2 42
github.com/conallob/o11y-analysis-tools/pkg/formatting/promql.go:358.30,360.5 1 29
github.com/conallob/o11y-analysis-tools/pkg/formatting/promql.go:364.2,365.32 2 18
github.com/conallob/o11y-analysis-tools/pkg/formatting/promql.go:365.32,367.3 1 27
github.com/conallob/o11y-analysis-tools/pkg/formatting/promql.go:368.2,368.15 1 18
github.com/conallob/o11y-analysis-tools/pkg/formatting/promql.go:372.37,395.30 3 47
github.com/conallob/o11y-analysis-tools/pkg/formatting/promql.go:395.30,396.18 1 2347
github.com/conallob/o11y-analysis-tools/pkg/formatting/promql.go:396.18,398.4 1 16
github.com/conallob/o11y-analysis-tools/pkg/formatting/promql.go:400.2,400.14 1 31
github.com/conallob/o11y-analysis-tools/pkg/formatting/promql.go:404.63,410.38 3 25
github.com/conallob/o11y-analysis-tools/pkg/formatting/promql.go:410.38,411.24 1 117
github.com/conallob/o11y-analysis-tools/pkg/formatting/promql.go:411.24,413.4 1 2
github.com/conallob/o11y-analysis-tools/pkg/formatting/promql.go:417.2,417.79 1 23
github.com/conallob/o11y-analysis-tools/pkg/formatting/promql.go:417.79,419.3 1 0
github.com/conallob/o11y-analysis-tools/pkg/formatting/promql.go:422.2,422.62 1 23
github.com/conallob/o11y-analysis-tools/pkg/formatting/promql.go:422.62,424.3 1 1
github.com/conallob/o11y-analysis-tools/pkg/formatting/promql.go:427.2,427.78 1 23
github.com/conallob/o11y-analysis-tools/pkg/formatting/promql.go:427.78,429.3 1 20
github.com/conallob/o11y-analysis-tools/pkg/formatting/promql.go:431.2,431.15 1 23
github.com/conallob/o11y-analysis-tools/pkg/formatting/promql.go:435.54,439.78 2 28
github.com/conallob/o11y-analysis-tools/pkg/formatting/promql.go:439.78,441.3 1 1
github.com/conallob/o11y-analysis-tools/pkg/formatting/promql.go:444.2,467.42 2 28
github.com/conallob/o11y-analysis-tools/pkg/formatting/promql.go:467.42,468.45 1 560
github.com/conallob/o11y-analysis-tools/pkg/formatting/promql.go:468.45,470.4 1 2
github.com/conallob/o11y-analysis-tools/pkg/formatting/promql.go:474.2,474.93 1 28
github.com/conallob/o11y-analysis-tools/pkg/formatting/promql.go:474.93,476.3 1 1
github.com/conallob/o11y-analysis-tools/pkg/formatting/promql.go:478.2,478.15 1 28
github.com/conallob/o11y-analysis-tools/pkg/formatting/promql.go:482.47,489.45 2 28
github.com/conallob/o11y-analysis-tools/pkg/formatting/promql.go:489.45,491.3 1 2
github.com/conallob/o11y-analysis-tools/pkg/formatting/promql.go:493.2,493.42 1 26
github.com/conallob/o11y-analysis-tools/pkg/formatting/promql.go:493.42,494.44 1 251
github.com/conallob/o11y-analysis-tools/pkg/formatting/promql.go:494.44,496.4 1 1
github.com/conallob/o11y-analysis-tools/pkg/formatting/promql.go:499.2,499.14 1 25
github.com/conallob/o11y-analysis-tools/pkg/formatting/promql.go:503.57,509.76 3 17
github.com/conallob/o11y-analysis-tools/pkg/formatting/promql.go:509.76,510.33 1 7
github.com/conallob/o11y-analysis-tools/pkg/formatting/promql.go:510.33,511.22 1 8
github.com/conallob/o11y-analysis-tools/pkg/formatting/promql.go:511.22,517.48 2 8
github.com/conallob/o11y-analysis-tools/pkg/formatting/promql.go:517.48,519.6 1 5
github.com/conallob/o11y-analysis-tools/pkg/formatting/promql.go:526.2,526.70 1 17
github.com/conallob/o11y-analysis-tools/pkg/formatting/promql.go:526.70,527.38 1 3
github.com/conallob/o11y-analysis-tools/pkg/formatting/promql.go:527.38,529.4 1 2
github.com/conallob/o11y-analysis-tools/pkg/formatting/promql.go:532.2,532.15 1 17
github.com/conallob/o11y-analysis-tools/cmd/promql-fmt/main.go:14.13,23.22 2 0
github.com/conallob/o11y-analysis-tools/cmd/promql-fmt/main.go:23.22,28.3 4 0
github.com/conallob/o11y-analysis-tools/cmd/promql-fmt/main.go:30.2,32.22 2 0
github.com/conallob/o11y-analysis-tools/cmd/promql-fmt/main.go:32.22,35.3 2 0
github.com/conallob/o11y-analysis-tools/cmd/promql-fmt/main.go:38.2,45.35 6 0
github.com/conallob/o11y-analysis-tools/cmd/promql-fmt/main.go:45.35,46.87 1 0
github.com/conallob/o11y-analysis-tools/cmd/promql-fmt/main.go:46.87,47.18 1 0
github.com/conallob/o11y-analysis-tools/cmd/promql-fmt/main.go:47.18,49.5 1 0
github.com/conallob/o11y-analysis-tools/cmd/promql-fmt/main.go:52.4,52.20 1 0
github.com/conallob/o11y-analysis-tools/cmd/promql-fmt/main.go:52.20,54.5 1 0
github.com/conallob/o11y-analysis-tools/cmd/promql-fmt/main.go:57.4,57.85 1 0
github.com/conallob/o11y-analysis-tools/cmd/promql-fmt/main.go:57.85,59.5 1 0
github.com/conallob/o11y-analysis-tools/cmd/promql-fmt/main.go:61.4,64.18 3 0
github.com/conallob/o11y-analysis-tools/cmd/promql-fmt/main.go:64.18,68.5 3 0
github.com/conallob/o11y-analysis-tools/cmd/promql-fmt/main.go:70.4,75.23 3 0
github.com/conallob/o11y-analysis-tools/cmd/promql-fmt/main.go:75.23,77.20 2 0
github.com/conallob/o11y-analysis-tools/cmd/promql-fmt/main.go:77.20,79.35 2 0
github.com/conallob/o11y-analysis-tools/cmd/promql-fmt/main.go:79.35,81.7 1 0
github.com/conallob/o11y-analysis-tools/cmd/promql-fmt/main.go:82.6,82.18 1 0
github.com/conallob/o11y-analysis-tools/cmd/promql-fmt/main.go:86.4,86.49 1 0
github.com/conallob/o11y-analysis-tools/cmd/promql-fmt/main.go:86.49,87.17 1 0
github.com/conallob/o11y-analysis-tools/cmd/promql-fmt/main.go:87.17,89.6 1 0
github.com/conallob/o11y-analysis-tools/cmd/promql-fmt/main.go:90.5,90.82 1 0
github.com/conallob/o11y-analysis-tools/cmd/promql-fmt/main.go:90.82,93.6 2 0
github.com/conallob/o11y-analysis-tools/cmd/promql-fmt/main.go:96.4,96.14 1 0
github.com/conallob/o11y-analysis-tools/cmd/promql-fmt/main.go:99.3,99.17 1 0
github.com/conallob/o11y-analysis-tools/cmd/promql-fmt/main.go:99.17,102.4 2 0
github.com/conallob/o11y-analysis-tools/cmd/promql-fmt/main.go:105.2,105.17 1 0
github.com/conallob/o11y-analysis-tools/cmd/promql-fmt/main.go:105.17,106.26 1 0
github.com/conallob/o11y-analysis-tools/cmd/promql-fmt/main.go:106.26,109.4 2 0
github.com/conallob/o11y-analysis-tools/cmd/promql-fmt/main.go:109.9,109.28 1 0
github.com/conallob/o11y-analysis-tools/cmd/promql-fmt/main.go:109.28,111.4 1 0
github.com/conallob/o11y-analysis-tools/cmd/promql-fmt/main.go:112.8,112.22 1 0
github.com/conallob/o11y-analysis-tools/cmd/promql-fmt/main.go:112.22,113.38 1 0
github.com/conallob/o11y-analysis-tools/cmd/promql-fmt/main.go:113.38,115.4 1 0
github.com/conallob/o11y-analysis-tools/cmd/promql-fmt/main.go:118.2,118.19 1 0
github.com/conallob/o11y-analysis-tools/cmd/label-check/main.go:14.13,22.22 3 0
github.com/conallob/o11y-analysis-tools/cmd/label-check/main.go:22.22,30.3 7 0
github.com/conallob/o11y-analysis-tools/cmd/label-check/main.go:32.2,34.22 2 0
github.com/conallob/o11y-analysis-tools/cmd/label-check/main.go:34.22,37.3 2 0
github.com/conallob/o11y-analysis-tools/cmd/label-check/main.go:40.2,41.24 2 0
github.com/conallob/o11y-analysis-tools/cmd/label-check/main.go:41.24,43.3 1 0
github.com/conallob/o11y-analysis-tools/cmd/label-check/main.go:45.2,49.35 4 0
github.com/conallob/o11y-analysis-tools/cmd/label-check/main.go:49.35,50.87 1 0
github.com/conallob/o11y-analysis-tools/cmd/label-check/main.go:50.87,51.18 1 0
github.com/conallob/o11y-analysis-tools/cmd/label-check/main.go:51.18,53.5 1 0
github.com/conallob/o11y-analysis-tools/cmd/label-check/main.go:55.4,55.20 1 0
github.com/conallob/o11y-analysis-tools/cmd/label-check/main.go:55.20,57.5 1 0
github.com/conallob/o11y-analysis-tools/cmd/label-check/main.go:60.4,60.85 1 0
github.com/conallob/o11y-analysis-tools/cmd/label-check/main.go:60.85,62.5 1 0
github.com/conallob/o11y-analysis-tools/cmd/label-check/main.go:64.4,65.18 2 0
github.com/conallob/o11y-analysis-tools/cmd/label-check/main.go:65.18,69.5 3 0
github.com/conallob/o11y-analysis-tools/cmd/label-check/main.go:71.4,75.33 4 0
github.com/conallob/o11y-analysis-tools/cmd/label-check/main.go:75.33,76.33 1 0
github.com/conallob/o11y-analysis-tools/cmd/label-check/main.go:76.33,77.23 1 0
github.com/conallob/o11y-analysis-tools/cmd/label-check/main.go:77.23,81.7 3 0
github.com/conallob/o11y-analysis-tools/cmd/label-check/main.go:82.6,85.20 4 0
github.com/conallob/o11y-analysis-tools/cmd/label-check/main.go:85.20,87.7 1 0
github.com/conallob/o11y-analysis-tools/cmd/label-check/main.go:91.4,91.20 1 0
github.com/conallob/o11y-analysis-tools/cmd/label-check/main.go:91.20,93.5 1 0
github.com/conallob/o11y-analysis-tools/cmd/label-check/main.go:95.4,95.14 1 0
github.com/conallob/o11y-analysis-tools/cmd/label-check/main.go:98.3,98.17 1 0
github.com/conallob/o11y-analysis-tools/cmd/label-check/main.go:98.17,101.4 2 0
github.com/conallob/o11y-analysis-tools/cmd/label-check/main.go:104.2,104.24 1 0
github.com/conallob/o11y-analysis-tools/cmd/label-check/main.go:104.24,107.3 2 0
github.com/conallob/o11y-analysis-tools/cmd/label-check/main.go:107.8,107.33 1 0
github.com/conallob/o11y-analysis-tools/cmd/label-check/main.go:107.33,109.3 1 0
github.com/conallob/o11y-analysis-tools/cmd/label-check/main.go:111.2,111.19 1 0
github.com/conallob/o11y-analysis-tools/cmd/label-check/main.go:114.44,115.22 1 0
github.com/conallob/o11y-analysis-tools/cmd/label-check/main.go:115.22,117.3 1 0
github.com/conallob/o11y-analysis-tools/cmd/label-check/main.go:118.2,118.27 1 0
github.com/conallob/o11y-analysis-tools/cmd/alert-hysteresis/main.go:13.13,25.22 2 0
github.com/conallob/o11y-analysis-tools/cmd/alert-hysteresis/main.go:25.22,39.3 13 0
github.com/conallob/o11y-analysis-tools/cmd/alert-hysteresis/main.go:41.2,43.26 2 0
github.com/conallob/o11y-analysis-tools/cmd/alert-hysteresis/main.go:43.26,47.3 3 0
github.com/conallob/o11y-analysis-tools/cmd/alert-hysteresis/main.go:50.2,50.14 1 0
github.com/conallob/o11y-analysis-tools/cmd/alert-hysteresis/main.go:50.14,51.23 1 0
github.com/conallob/o11y-analysis-tools/cmd/alert-hysteresis/main.go:51.23,55.4 3 0
github.com/conallob/o11y-analysis-tools/cmd/alert-hysteresis/main.go:56.3,56.53 1 0
github.com/conallob/o11y-analysis-tools/cmd/alert-hysteresis/main.go:56.53,60.4 3 0
github.com/conallob/o11y-analysis-tools/cmd/alert-hysteresis/main.go:64.2,70.16 4 0
github.com/conallob/o11y-analysis-tools/cmd/alert-hysteresis/main.go:70.16,73.3 2 0
github.com/conallob/o11y-analysis-tools/cmd/alert-hysteresis/main.go:75.2,75.23 1 0
github.com/conallob/o11y-analysis-tools/cmd/alert-hysteresis/main.go:75.23,78.3 2 0
github.com/conallob/o11y-analysis-tools/cmd/alert-hysteresis/main.go:80.2,81.14 2 0
github.com/conallob/o11y-analysis-tools/cmd/alert-hysteresis/main.go:81.14,83.3 1 0
github.com/conallob/o11y-analysis-tools/cmd/alert-hysteresis/main.go:84.2,88.22 3 0
github.com/conallob/o11y-analysis-tools/cmd/alert-hysteresis/main.go:88.22,90.17 2 0
github.com/conallob/o11y-analysis-tools/cmd/alert-hysteresis/main.go:90.17,92.4 1 0
github.com/conallob/o11y-analysis-tools/cmd/alert-hysteresis/main.go:96.2,101.41 5 0
github.com/conallob/o11y-analysis-tools/cmd/alert-hysteresis/main.go:101.41,107.33 3 0
github.com/conallob/o11y-analysis-tools/cmd/alert-hysteresis/main.go:107.33,108.58 1 0
github.com/conallob/o11y-analysis-tools/cmd/alert-hysteresis/main.go:108.58,110.5 1 0
github.com/conallob/o11y-analysis-tools/cmd/alert-hysteresis/main.go:114.3,115.24 2 0
github.com/conallob/o11y-analysis-tools/cmd/alert-hysteresis/main.go:115.24,117.29 2 0
github.com/conallob/o11y-analysis-tools/cmd/alert-hysteresis/main.go:117.29,122.5 4 0
github.com/conallob/o11y-analysis-tools/cmd/alert-hysteresis/main.go:123.9,123.22 1 0
github.com/conallob/o11y-analysis-tools/cmd/alert-hysteresis/main.go:123.22,126.4 1 0
github.com/conallob/o11y-analysis-tools/cmd/alert-hysteresis/main.go:129.3,142.24 9 0
github.com/conallob/o11y-analysis-tools/cmd/alert-hysteresis/main.go:142.24,144.4 1 0
github.com/conallob/o11y-analysis-tools/cmd/alert-hysteresis/main.go:146.3,146.22 1 0
github.com/conallob/o11y-analysis-tools/cmd/alert-hysteresis/main.go:146.22,150.36 3 0
github.com/conallob/o11y-analysis-tools/cmd/alert-hysteresis/main.go:150.36,155.5 1 0
github.com/conallob/o11y-analysis-tools/cmd/alert-hysteresis/main.go:156.9,156.41 1 0
github.com/conallob/o11y-analysis-tools/cmd/alert-hysteresis/main.go:156.41,160.25 2 0
github.com/conallob/o11y-analysis-tools/cmd/alert-hysteresis/main.go:160.25,162.5 1 0
github.com/conallob/o11y-analysis-tools/cmd/alert-hysteresis/main.go:163.4,163.36 1 0
github.com/conallob/o11y-analysis-tools/cmd/alert-hysteresis/main.go:163.36,168.5 1 0
github.com/conallob/o11y-analysis-tools/cmd/alert-hysteresis/main.go:172.3,172.34 1 0
github.com/conallob/o11y-analysis-tools/cmd/alert-hysteresis/main.go:172.34,176.4 1 0
github.com/conallob/o11y-analysis-tools/cmd/alert-hysteresis/main.go:178.3,178.16 1 0
github.com/conallob/o11y-analysis-tools/cmd/alert-hysteresis/main.go:182.2,186.33 4 0
github.com/conallob/o11y-analysis-tools/cmd/alert-hysteresis/main.go:186.33,191.15 4 0
github.com/conallob/o11y-analysis-tools/cmd/alert-hysteresis/main.go:191.15,194.92 2 0
github.com/conallob/o11y-analysis-tools/cmd/alert-hysteresis/main.go:194.92,197.5 2 0
github.com/conallob/o11y-analysis-tools/cmd/alert-hysteresis/main.go:198.4,201.59 4 0
github.com/conallob/o11y-analysis-tools/cmd/alert-hysteresis/main.go:201.59,207.5 2 0
github.com/conallob/o11y-analysis-tools/cmd/alert-hysteresis/main.go:208.9,210.59 2 0
github.com/conallob/o11y-analysis-tools/cmd/alert-hysteresis/main.go:210.59,216.5 2 0
github.com/conallob/o11y-analysis-tools/cmd/alert-hysteresis/main.go:217.4,220.27 3 0
github.com/conallob/o11y-analysis-tools/cmd/alert-hysteresis/main.go:222.8,222.32 1 0
github.com/conallob/o11y-analysis-tools/cmd/alert-hysteresis/main.go:222.32,225.3 2 0
github.com/conallob/o11y-analysis-tools/cmd/alert-hysteresis/main.go:225.8,227.3 1 0
github.com/conallob/o11y-analysis-tools/cmd/alert-hysteresis/main.go:229.2,229.19 1 0
github.com/conallob/o11y-analysis-tools/cmd/alert-hysteresis/main.go:233.71,234.21 1 0
github.com/conallob/o11y-analysis-tools/cmd/alert-hysteresis/main.go:234.21,236.3 1 0
github.com/conallob/o11y-analysis-tools/cmd/alert-hysteresis/main.go:238.2,239.14 2 0
github.com/conallob/o11y-analysis-tools/cmd/alert-hysteresis/main.go:239.14,241.3 1 0
github.com/conallob/o11y-analysis-tools/cmd/alert-hysteresis/main.go:243.2,243.35 1 0
github.com/conallob/o11y-analysis-tools/cmd/alert-hysteresis/main.go:247.45,248.12 1 0
github.com/conallob/o11y-analysis-tools/cmd/alert-hysteresis/main.go:248.12,250.3 1 0
github.com/conallob/o11y-analysis-tools/cmd/alert-hysteresis/main.go:251.2,251.38 1 0
github.com/conallob/o11y-analysis-tools/internal/alertmanager/hysteresis.go:62.84,67.2 1 3
github.com/conallob/o11y-analysis-tools/internal/alertmanager/hysteresis.go:70.124,73.21 2 0
github.com/conallob/o11y-analysis-tools/internal/alertmanager/hysteresis.go:73.21,75.3 1 0
github.com/conallob/o11y-analysis-tools/internal/alertmanager/hysteresis.go:78.2,89.15 9 0
github.com/conallob/o11y-analysis-tools/internal/alertmanager/hysteresis.go:89.15,91.3 1 0
github.com/conallob/o11y-analysis-tools/internal/alertmanager/hysteresis.go:94.2,95.16 2 0
github.com/conallob/o11y-analysis-tools/internal/alertmanager/hysteresis.go:95.16,97.3 1 0
github.com/conallob/o11y-analysis-tools/internal/alertmanager/hysteresis.go:98.2,98.15 1 0
github.com/conallob/o11y-analysis-tools/internal/alertmanager/hysteresis.go:98.15,99.53 1 0
github.com/conallob/o11y-analysis-tools/internal/alertmanager/hysteresis.go:99.53,100.18 1 0
github.com/conallob/o11y-analysis-tools/internal/alertmanager/hysteresis.go:100.18,102.5 1 0
github.com/conallob/o11y-analysis-tools/internal/alertmanager/hysteresis.go:106.2,106.38 1 0
github.com/conallob/o11y-analysis-tools/internal/alertmanager/hysteresis.go:106.38,109.3 2 0
github.com/conallob/o11y-analysis-tools/internal/alertmanager/hysteresis.go:112.2,113.69 2 0
github.com/conallob/o11y-analysis-tools/internal/alertmanager/hysteresis.go:113.69,115.3 1 0
github.com/conallob/o11y-analysis-tools/internal/alertmanager/hysteresis.go:118.2,120.46 2 0
github.com/conallob/o11y-analysis-tools/internal/alertmanager/hysteresis.go:120.46,122.22 2 0
github.com/conallob/o11y-analysis-tools/internal/alertmanager/hysteresis.go:122.22,123.12 1 0
github.com/conallob/o11y-analysis-tools/internal/alertmanager/hysteresis.go:127.3,129.39 2 0
github.com/conallob/o11y-analysis-tools/internal/alertmanager/hysteresis.go:129.39,134.23 3 0
github.com/conallob/o11y-analysis-tools/internal/alertmanager/hysteresis.go:134.23,135.28 1 0
github.com/conallob/o11y-analysis-tools/internal/alertmanager/hysteresis.go:135.28,142.6 1 0
github.com/conallob/o11y-analysis-tools/internal/alertmanager/hysteresis.go:144.5,144.50 1 0
github.com/conallob/o11y-analysis-tools/internal/alertmanager/hysteresis.go:145.10,145.34 1 0
github.com/conallob/o11y-analysis-tools/internal/alertmanager/hysteresis.go:145.34,150.5 3 0
github.com/conallob/o11y-analysis-tools/internal/alertmanager/hysteresis.go:154.3,154.26 1 0
github.com/conallob/o11y-analysis-tools/internal/alertmanager/hysteresis.go:154.26,158.4 3 0
github.com/conallob/o11y-analysis-tools/internal/alertmanager/hysteresis.go:161.2,161.20 1 0
github.com/conallob/o11y-analysis-tools/internal/alertmanager/hysteresis.go:165.96,167.2 1 4
github.com/conallob/o11y-analysis-tools/internal/alertmanager/hysteresis.go:170.136,177.22 2 4
github.com/conallob/o11y-analysis-tools/internal/alertmanager/hysteresis.go:177.22,179.3 1 1
github.com/conallob/o11y-analysis-tools/internal/alertmanager/hysteresis.go:182.2,185.31 3 3
github.com/conallob/o11y-analysis-tools/internal/alertmanager/hysteresis.go:185.31,189.73 3 16
github.com/conallob/o11y-analysis-tools/internal/alertmanager/hysteresis.go:189.73,191.4 1 3
github.com/conallob/o11y-analysis-tools/internal/alertmanager/hysteresis.go:192.3,192.44 1 16
github.com/conallob/o11y-analysis-tools/internal/alertmanager/hysteresis.go:192.44,194.4 1 10
github.com/conallob/o11y-analysis-tools/internal/alertmanager/hysteresis.go:197.2,200.44 2 3
github.com/conallob/o11y-analysis-tools/internal/alertmanager/hysteresis.go:200.44,202.3 1 25
github.com/conallob/o11y-analysis-tools/internal/alertmanager/hysteresis.go:205.2,205.27 1 3
github.com/conallob/o11y-analysis-tools/internal/alertmanager/hysteresis.go:205.27,208.3 2 1
github.com/conallob/o11y-analysis-tools/internal/alertmanager/hysteresis.go:208.8,210.3 1 2
github.com/conallob/o11y-analysis-tools/internal/alertmanager/hysteresis.go:213.2,214.32 2 3
github.com/conallob/o11y-analysis-tools/internal/alertmanager/hysteresis.go:214.32,216.3 1 0
github.com/conallob/o11y-analysis-tools/internal/alertmanager/hysteresis.go:217.2,221.32 3 3
github.com/conallob/o11y-analysis-tools/internal/alertmanager/hysteresis.go:221.32,223.3 1 0
github.com/conallob/o11y-analysis-tools/internal/alertmanager/hysteresis.go:224.2,229.35 3 3
github.com/conallob/o11y-analysis-tools/internal/alertmanager/hysteresis.go:229.35,231.3 1 0
github.com/conallob/o11y-analysis-tools/internal/alertmanager/hysteresis.go:233.2,242.30 4 3
github.com/conallob/o11y-analysis-tools/internal/alertmanager/hysteresis.go:242.30,243.22 1 16
github.com/conallob/o11y-analysis-tools/internal/alertmanager/hysteresis.go:243.22,246.4 2 5
github.com/conallob/o11y-analysis-tools/internal/alertmanager/hysteresis.go:250.2,250.33 1 3
github.com/conallob/o11y-analysis-tools/internal/alertmanager/hysteresis.go:250.33,255.3 2 2
github.com/conallob/o11y-analysis-tools/internal/alertmanager/hysteresis.go:255.8,257.3 1 1
github.com/conallob/o11y-analysis-tools/internal/alertmanager/hysteresis.go:259.2,259.17 1 3
github.com/conallob/o11y-analysis-tools/internal/alertmanager/hysteresis.go:263.61,279.39 2 11
github.com/conallob/o11y-analysis-tools/internal/alertmanager/hysteresis.go:279.39,280.14 1 54
github.com/conallob/o11y-analysis-tools/internal/alertmanager/hysteresis.go:280.14,282.4 1 10
github.com/conallob/o11y-analysis-tools/internal/alertmanager/hysteresis.go:285.2,285.52 1 1
github.com/conallob/o11y-analysis-tools/internal/alertmanager/hysteresis.go:303.76,305.16 2 0
github.com/conallob/o11y-analysis-tools/internal/alertmanager/hysteresis.go:305.16,307.3 1 0
github.com/conallob/o11y-analysis-tools/internal/alertmanager/hysteresis.go:309.2,310.56 2 0
github.com/conallob/o11y-analysis-tools/internal/alertmanager/hysteresis.go:310.56,312.3 1 0
github.com/conallob/o11y-analysis-tools/internal/alertmanager/hysteresis.go:314.2,316.37 2 0
github.com/conallob/o11y-analysis-tools/internal/alertmanager/hysteresis.go:316.37,317.36 1 0
github.com/conallob/o11y-analysis-tools/internal/alertmanager/hysteresis.go:317.36,318.42 1 0
github.com/conallob/o11y-analysis-tools/internal/alertmanager/hysteresis.go:318.42,320.19 2 0
github.com/conallob/o11y-analysis-tools/internal/alertmanager/hysteresis.go:320.19,323.20 2 0
github.com/conallob/o11y-analysis-tools/internal/alertmanager/hysteresis.go:323.20,324.15 1 0
github.com/conallob/o11y-analysis-tools/internal/alertmanager/hysteresis.go:327.5,327.37 1 0
github.com/conallob/o11y-analysis-tools/internal/alertmanager/hysteresis.go:332.2,332.23 1 0
github.com/conallob/o11y-analysis-tools/internal/alertmanager/hysteresis.go:336.92,338.16 2 0
github.com/conallob/o11y-analysis-tools/internal/alertmanager/hysteresis.go:338.16,340.3 1 0
github.com/conallob/o11y-analysis-tools/internal/alertmanager/hysteresis.go:342.2,343.56 2 0
github.com/conallob/o11y-analysis-tools/internal/alertmanager/hysteresis.go:343.56,345.3 1 0
github.com/conallob/o11y-analysis-tools/internal/alertmanager/hysteresis.go:348.2,348.38 1 0
github.com/conallob/o11y-analysis-tools/internal/alertmanager/hysteresis.go:348.38,349.37 1 0
github.com/conallob/o11y-analysis-tools/internal/alertmanager/hysteresis.go:349.37,350.24 1 0
github.com/conallob/o11y-analysis-tools/internal/alertmanager/hysteresis.go:350.24,351.59 1 0
github.com/conallob/o11y-analysis-tools/internal/alertmanager/hysteresis.go:351.59,354.6 1 0
github.com/conallob/o11y-analysis-tools/internal/alertmanager/hysteresis.go:360.2,361.16 2 0
github.com/conallob/o11y-analysis-tools/internal/alertmanager/hysteresis.go:361.16,363.3 1 0
github.com/conallob/o11y-analysis-tools/internal/alertmanager/hysteresis.go:365.2,365.61 1 0
github.com/conallob/o11y-analysis-tools/internal/alertmanager/hysteresis.go:365.61,367.3 1 0
github.com/conallob/o11y-analysis-tools/internal/alertmanager/hysteresis.go:369.2,369.12 1 0
github.com/conallob/o11y-analysis-tools/internal/alertmanager/hysteresis.go:373.55,374.12 1 0
github.com/conallob/o11y-analysis-tools/internal/alertmanager/hysteresis.go:374.12,376.3 1 0
github.com/conallob/o11y-analysis-tools/internal/alertmanager/hysteresis.go:379.2,379.27 1 0
github.com/conallob/o11y-analysis-tools/internal/alertmanager/hysteresis.go:379.27,381.3 1 0
github.com/conallob/o11y-analysis-tools/internal/alertmanager/hysteresis.go:382.2,382.22 1 0
github.com/conallob/o11y-analysis-tools/internal/alertmanager/hysteresis.go:382.22,384.3 1 0
github.com/conallob/o11y-analysis-tools/internal/alertmanager/hysteresis.go:385.2,385.24 1 0
github.com/conallob/o11y-analysis-tools/internal/alertmanager/hysteresis.go:385.24,387.3 1 0
github.com/conallob/o11y-analysis-tools/internal/alertmanager/hysteresis.go:388.2,388.42 1 0
